[debug] [2026-01-03T08:03:43.687Z] ----------------------------------------------------------------------
[debug] [2026-01-03T08:03:43.695Z] Command:       C:\Program Files\nodejs\node.exe C:\Users\User\AppData\Roaming\npm\node_modules\firebase-tools\lib\bin\firebase.js projects:list
[debug] [2026-01-03T08:03:43.695Z] CLI Version:   15.1.0
[debug] [2026-01-03T08:03:43.695Z] Platform:      win32
[debug] [2026-01-03T08:03:43.695Z] Node Version:  v24.12.0
[debug] [2026-01-03T08:03:43.696Z] Time:          Sat Jan 03 2026 11:03:43 GMT+0300 (Москва, стандартное время)
[debug] [2026-01-03T08:03:43.696Z] ----------------------------------------------------------------------
[debug] 
[debug] [2026-01-03T08:03:43.700Z] >>> [apiv2][query] GET https://firebase-public.firebaseio.com/cli.json [none]
[debug] [2026-01-03T08:03:43.769Z] > command requires scopes: ["email","openid","https://www.googleapis.com/auth/cloudplatformprojects.readonly","https://www.googleapis.com/auth/firebase","https://www.googleapis.com/auth/cloud-platform"]
[debug] [2026-01-03T08:03:43.770Z] > authorizing via signed-in user (probel@bk.ru)
[debug] [2026-01-03T08:03:43.776Z] Checked if tokens are valid: true, expires at: 1767430998096
[debug] [2026-01-03T08:03:43.776Z] Checked if tokens are valid: true, expires at: 1767430998096
[debug] [2026-01-03T08:03:43.777Z] >>> [apiv2][query] GET https://firebase.googleapis.com/v1beta1/projects pageSize=1000
[debug] [2026-01-03T08:03:43.879Z] *** [apiv2] error from fetch(https://firebase.googleapis.com/v1beta1/projects?pageSize=1000, {"headers":{},"method":"GET","signal":{"reason":""}}): FetchError: request to https://firebase.googleapis.com/v1beta1/projects?pageSize=1000 failed, reason: self-signed certificate in certificate chain
[debug] [2026-01-03T08:03:43.880Z] Failed to make request to https://firebase.googleapis.com/v1beta1/projects?pageSize=1000
[debug] [2026-01-03T08:03:43.883Z] FirebaseError: Failed to make request to https://firebase.googleapis.com/v1beta1/projects?pageSize=1000
    at RetryOperation._fn (C:\Users\User\AppData\Roaming\npm\node_modules\firebase-tools\lib\apiv2.js:271:31)
    at process.processTicksAndRejections (node:internal/process/task_queues:103:5)
[error] 
[error] Error: Failed to list Firebase projects. See firebase-debug.log for more info.
[debug] [2026-01-03T08:03:44.095Z] *** [apiv2] error from fetch(https://firebase-public.firebaseio.com/cli.json, {"headers":{},"method":"GET"}): FetchError: request to https://firebase-public.firebaseio.com/cli.json failed, reason: self-signed certificate in certificate chain
[warn] !  Unable to fetch the CLI MOTD and remote config. This is not a fatal error, but may indicate an issue with your network connection. 
[debug] [2026-01-03T08:03:44.096Z] Failed to fetch MOTD FirebaseError: Failed to make request to https://firebase-public.firebaseio.com/cli.json
